<?xml version="1.0" encoding="UTF-8"?>
<!-- Generated by org.testng.reporters.JUnitReportReporter -->
<testsuite hostname="DELL342005" failures="0" tests="3" name="com.stanza.automation.testcases.ElectionsPageTest" time="45.720" errors="0" timestamp="19 Dec 2021 17:24:01 GMT" skipped="0">
  <testcase classname="com.stanza.automation.testcases.ElectionsPageTest" name="checkAddressesAutoPopulation" time="25.237"/>
  <testcase classname="com.stanza.automation.testcases.ElectionsPageTest" name="enterDesiredAddressAndAddToCalendar" time="15.032"/>
  <testcase classname="com.stanza.automation.testcases.ElectionsPageTest" name="checkFAQDropDownFunctionality" time="5.451"/>
</testsuite> <!-- com.stanza.automation.testcases.ElectionsPageTest -->
