<?xml version="1.0" encoding="UTF-8"?>
<!-- Generated by org.testng.reporters.JUnitReportReporter -->
<testsuite hostname="DELL342005" failures="0" tests="3" name="com.backbase.automation.testcases.ElectionsPageTest" time="79.595" errors="0" timestamp="19 Dec 2021 12:47:56 GMT" skipped="0">
  <testcase classname="com.backbase.automation.testcases.ElectionsPageTest" name="checkAddressesAutoPopulation" time="37.687"/>
  <testcase classname="com.backbase.automation.testcases.ElectionsPageTest" name="enterDesiredAddressAndAddToCalendar" time="24.026"/>
  <testcase classname="com.backbase.automation.testcases.ElectionsPageTest" name="checkFAQDropDownFunctionality" time="17.882"/>
</testsuite> <!-- com.backbase.automation.testcases.ElectionsPageTest -->
